Added Component: Designator=24V(CONECTOR/FONIX/2PIN)
Added Component: Designator=C4(CAP-0603)
Added Component: Designator=C5(CAP-0603)
Added Component: Designator=C6(CAP-0603)
Added Component: Designator=C7(CAP-0603)
Added Component: Designator=C8_1(CAP-0603)
Added Component: Designator=C8_2(CAP-0603)
Added Component: Designator=C8_3(CAP-0603)
Added Component: Designator=C8_4(CAP-0603)
Added Component: Designator=C12(CAP-0805)
Added Component: Designator=C13(CAP-0805)
Added Component: Designator=C14(CAP-0805)
Added Component: Designator=C15(CAP-0805)
Added Component: Designator=C16(CAP-0805)
Added Component: Designator=C17(CAP-0805)
Added Component: Designator=C18(CAP-0603)
Added Component: Designator=C19(CAP-0805)
Added Component: Designator=C20(CAP-0805)
Added Component: Designator=C22(CAP-0805)
Added Component: Designator=C23(CAP-0805)
Added Component: Designator=C24(CAP-1206)
Added Component: Designator=C25(CAP-0603)
Added Component: Designator=C26(CAP-1206)
Added Component: Designator=C27(CAP-1206)
Added Component: Designator=C28(CAP-EL-P100mil)
Added Component: Designator=C29(CAP-0603)
Added Component: Designator=C30(CAP-0603)
Added Component: Designator=C31(CAP-0603)
Added Component: Designator=C32(CAP-0603)
Added Component: Designator=C33(CAP-0603)
Added Component: Designator=C?(CAP-0603)
Added Component: Designator=CN1(phonix_4pin)
Added Component: Designator=D6(DIOD/1N4007/SMD)
Added Component: Designator=D9(DIOD/1N4007/SMD)
Added Component: Designator=IC1(stm32f030k6t6)
Added Component: Designator=IC2(SOP8_HIT)
Added Component: Designator=IC3(SOP-8)
Added Component: Designator=J1(MEMORY_RAVIS)
Add component (AddParameter): Name = "ASSEMBLY"; Value = ""; VariantName = "[No Variations]"
Add component (AddParameter): Name = "DESC"; Value = ""; VariantName = "[No Variations]"
Add component (AddParameter): Name = "MANF"; Value = "Attend"; VariantName = "[No Variations]"
Add component (AddParameter): Name = "MANF_P#"; Value = "112J-TDAR-R01"; VariantName = "[No Variations]"
Add component (AddParameter): Name = "PARAM"; Value = "push-push"; VariantName = "[No Variations]"
Add component (AddParameter): Name = "PRICE"; Value = ""; VariantName = "[No Variations]"
Add component (AddParameter): Name = "VALUE"; Value = "SD_MICRO"; VariantName = "[No Variations]"
Added Component: Designator=L1(NR3015T)
Added Component: Designator=LED1(LED/0805)
Added Component: Designator=LED2(LED/0805)
Added Component: Designator=PROG1(CONECTOR/XH/4PIN)
Added Component: Designator=Q4(AO3401A)
Added Component: Designator=R5(RES/0603)
Added Component: Designator=R6(RES/0603)
Added Component: Designator=R7_1(RES/0805)
Added Component: Designator=R7_2(RES/0805)
Added Component: Designator=R7_3(RES/0805)
Added Component: Designator=R7_4(RES/0805)
Added Component: Designator=R8_1(RES/0805)
Added Component: Designator=R8_2(RES/0805)
Added Component: Designator=R8_3(RES/0805)
Added Component: Designator=R8_4(RES/0805)
Added Component: Designator=R15(RES/0603)
Added Component: Designator=R16(RES/0603)
Added Component: Designator=R17(RES/0603)
Added Component: Designator=R18(RES/0603)
Added Component: Designator=R19(RES/0603)
Added Component: Designator=R20(RES/0603)
Added Component: Designator=R21(RES/0603)
Added Component: Designator=R22(RES/0603)
Added Component: Designator=R23(RES/0603)
Added Component: Designator=R24(RES/0603)
Added Component: Designator=R25(RES/0603)
Added Component: Designator=R26(RES/0603)
Added Component: Designator=R27(RES/0603)
Added Component: Designator=R28(RES/0603)
Added Component: Designator=R30(RES/0603)
Added Component: Designator=R31(RES/1206)
Added Component: Designator=R32(RES/0603)
Added Component: Designator=R33(RES/0805)
Added Component: Designator=R34(RES/0805)
Added Component: Designator=R35(RES/0603)
Added Component: Designator=R36(RES/0603)
Added Component: Designator=R?(RES/0603)
Added Component: Designator=R?(RES/0805)
Added Component: Designator=R?(RES/1206)
Added Component: Designator=RG1(AMS1117)
Added Component: Designator=RS(CONECTOR/FONIX/2PIN)
Added Component: Designator=SP(CONECTOR/FONIX/2PIN)
Added Component: Designator=U1(SOP-8)
Added Component: Designator=U2(TL494_SMD)
Added Component: Designator=Z1_1(DIOD/RS1J)
Added Component: Designator=Z1_2(DIOD/RS1J)
Added Component: Designator=Z1_3(DIOD/RS1J)
Added Component: Designator=Z1_4(DIOD/RS1J)
Added Component: Designator=Z4(DIOD/RS1J)
Added Pin To Net: NetName=+3.3 Pin=C4-1
Added Pin To Net: NetName=+3.3 Pin=C5-1
Added Pin To Net: NetName=+3.3 Pin=C7-2
Added Pin To Net: NetName=+3.3 Pin=C33-2
Added Pin To Net: NetName=+3.3 Pin=IC1-vcc
Added Pin To Net: NetName=+3.3 Pin=IC1-vcc
Added Pin To Net: NetName=+3.3 Pin=IC1-vdda
Added Pin To Net: NetName=+3.3 Pin=PROG1-2
Added Pin To Net: NetName=+3.3 Pin=R5-1
Added Pin To Net: NetName=+3.3 Pin=R30-1
Added Pin To Net: NetName=+3.3 Pin=RG1-2
Added Pin To Net: NetName=+3.3 Pin=RG1-4
Added Pin To Net: NetName=+3.3 Pin=U2-5
Added Net: Name=+3.3
Added Pin To Net: NetName=+5_MP3 Pin=C18-1
Added Pin To Net: NetName=+5_MP3 Pin=C19-1
Added Pin To Net: NetName=+5_MP3 Pin=Q4-D
Added Pin To Net: NetName=+5_MP3 Pin=R22-1
Added Pin To Net: NetName=+5_MP3 Pin=R23-2
Added Pin To Net: NetName=+5_MP3 Pin=U2-4
Added Net: Name=+5_MP3
Added Pin To Net: NetName=+5 Pin=C13-2
Added Pin To Net: NetName=+5 Pin=C26-2
Added Pin To Net: NetName=+5 Pin=C27-2
Added Pin To Net: NetName=+5 Pin=C28-+
Added Pin To Net: NetName=+5 Pin=C29-1
Added Pin To Net: NetName=+5 Pin=C32-2
Added Pin To Net: NetName=+5 Pin=L1-2
Added Pin To Net: NetName=+5 Pin=Q4-S
Added Pin To Net: NetName=+5 Pin=R20-1
Added Pin To Net: NetName=+5 Pin=R25-2
Added Pin To Net: NetName=+5 Pin=RG1-3
Added Pin To Net: NetName=+5 Pin=U1-6
Added Net: Name=+5
Added Pin To Net: NetName=+24 Pin=24V-1
Added Pin To Net: NetName=+24 Pin=D6-A
Added Pin To Net: NetName=+24 Pin=IC3-8
Added Pin To Net: NetName=+24 Pin=R35-1
Added Net: Name=+24
Added Pin To Net: NetName=68 Pin=IC1-25
Added Net: Name=68
Added Pin To Net: NetName=AUDIO Pin=C14-1
Added Pin To Net: NetName=AUDIO Pin=C15-1
Added Pin To Net: NetName=AUDIO Pin=C16-2
Added Net: Name=AUDIO
Added Pin To Net: NetName=BUSY_MP3 Pin=IC1-6
Added Pin To Net: NetName=BUSY_MP3 Pin=R15-2
Added Net: Name=BUSY_MP3
Added Pin To Net: NetName=Busy Pin=R15-1
Added Pin To Net: NetName=Busy Pin=R16-2
Added Pin To Net: NetName=Busy Pin=R17-2
Added Pin To Net: NetName=Busy Pin=U2-2
Added Net: Name=Busy
Added Pin To Net: NetName=DACL Pin=C15-2
Added Pin To Net: NetName=DACL Pin=U2-16
Added Net: Name=DACL
Added Pin To Net: NetName=DACR Pin=C14-2
Added Pin To Net: NetName=DACR Pin=U2-1
Added Net: Name=DACR
Added Pin To Net: NetName=EN_AMP Pin=R16-1
Added Pin To Net: NetName=EN_AMP Pin=U1-1
Added Net: Name=EN_AMP
Added Pin To Net: NetName=GATE1 Pin=IC1-28
Added Net: Name=GATE1
Added Pin To Net: NetName=GATE2 Pin=IC1-27
Added Net: Name=GATE2
Added Pin To Net: NetName=GND Pin=24V-2
Added Pin To Net: NetName=GND Pin=C4-2
Added Pin To Net: NetName=GND Pin=C5-2
Added Pin To Net: NetName=GND Pin=C6-2
Added Pin To Net: NetName=GND Pin=C7-1
Added Pin To Net: NetName=GND Pin=C8_1-1
Added Pin To Net: NetName=GND Pin=C8_2-1
Added Pin To Net: NetName=GND Pin=C8_3-1
Added Pin To Net: NetName=GND Pin=C8_4-1
Added Pin To Net: NetName=GND Pin=C12-2
Added Pin To Net: NetName=GND Pin=C13-1
Added Pin To Net: NetName=GND Pin=C17-1
Added Pin To Net: NetName=GND Pin=C18-2
Added Pin To Net: NetName=GND Pin=C19-2
Added Pin To Net: NetName=GND Pin=C20-1
Added Pin To Net: NetName=GND Pin=C22-1
Added Pin To Net: NetName=GND Pin=C23-2
Added Pin To Net: NetName=GND Pin=C24-2
Added Pin To Net: NetName=GND Pin=C26-1
Added Pin To Net: NetName=GND Pin=C27-1
Added Pin To Net: NetName=GND Pin=C28--
Added Pin To Net: NetName=GND Pin=C31-1
Added Pin To Net: NetName=GND Pin=C32-1
Added Pin To Net: NetName=GND Pin=C33-1
Added Pin To Net: NetName=GND Pin=C?-1
Added Pin To Net: NetName=GND Pin=D9-A
Added Pin To Net: NetName=GND Pin=IC1-boot0
Added Pin To Net: NetName=GND Pin=IC1-gnd
Added Pin To Net: NetName=GND Pin=IC1-gnd
Added Pin To Net: NetName=GND Pin=IC2-5
Added Pin To Net: NetName=GND Pin=IC2-5
Added Pin To Net: NetName=GND Pin=IC2-5
Added Pin To Net: NetName=GND Pin=IC2-5
Added Pin To Net: NetName=GND Pin=IC2-5
Added Pin To Net: NetName=GND Pin=IC2-5
Added Pin To Net: NetName=GND Pin=IC2-5
Added Pin To Net: NetName=GND Pin=IC2-5
Added Pin To Net: NetName=GND Pin=IC2-5
Added Pin To Net: NetName=GND Pin=IC2-5
Added Pin To Net: NetName=GND Pin=IC2-5
Added Pin To Net: NetName=GND Pin=IC2-5
Added Pin To Net: NetName=GND Pin=IC3-4
Added Pin To Net: NetName=GND Pin=J1-6
Added Pin To Net: NetName=GND Pin=J1-SH1
Added Pin To Net: NetName=GND Pin=J1-SH2
Added Pin To Net: NetName=GND Pin=J1-SH3
Added Pin To Net: NetName=GND Pin=J1-SH4
Added Pin To Net: NetName=GND Pin=LED1-K
Added Pin To Net: NetName=GND Pin=LED2-K
Added Pin To Net: NetName=GND Pin=PROG1-1
Added Pin To Net: NetName=GND Pin=R8_1-1
Added Pin To Net: NetName=GND Pin=R8_2-1
Added Pin To Net: NetName=GND Pin=R8_3-1
Added Pin To Net: NetName=GND Pin=R8_4-1
Added Pin To Net: NetName=GND Pin=R22-2
Added Pin To Net: NetName=GND Pin=R26-2
Added Pin To Net: NetName=GND Pin=R27-1
Added Pin To Net: NetName=GND Pin=R28-2
Added Pin To Net: NetName=GND Pin=R32-1
Added Pin To Net: NetName=GND Pin=R36-1
Added Pin To Net: NetName=GND Pin=RG1-1
Added Pin To Net: NetName=GND Pin=U1-7
Added Pin To Net: NetName=GND Pin=U2-3
Added Pin To Net: NetName=GND Pin=U2-14
Added Pin To Net: NetName=GND Pin=Z1_1-A
Added Pin To Net: NetName=GND Pin=Z1_2-A
Added Pin To Net: NetName=GND Pin=Z1_3-A
Added Pin To Net: NetName=GND Pin=Z1_4-A
Added Pin To Net: NetName=GND Pin=Z4-A
Added Net: Name=GND
Added Pin To Net: NetName=IN1 Pin=C8_1-2
Added Pin To Net: NetName=IN1 Pin=IC1-15
Added Pin To Net: NetName=IN1 Pin=R7_1-2
Added Pin To Net: NetName=IN1 Pin=R8_1-2
Added Pin To Net: NetName=IN1 Pin=Z1_1-K
Added Net: Name=IN1
Added Pin To Net: NetName=IN2 Pin=C8_2-2
Added Pin To Net: NetName=IN2 Pin=IC1-19
Added Pin To Net: NetName=IN2 Pin=R7_2-2
Added Pin To Net: NetName=IN2 Pin=R8_2-2
Added Pin To Net: NetName=IN2 Pin=Z1_2-K
Added Net: Name=IN2
Added Pin To Net: NetName=IN3 Pin=C8_3-2
Added Pin To Net: NetName=IN3 Pin=IC1-20
Added Pin To Net: NetName=IN3 Pin=R7_3-2
Added Pin To Net: NetName=IN3 Pin=R8_3-2
Added Pin To Net: NetName=IN3 Pin=Z1_3-K
Added Net: Name=IN3
Added Pin To Net: NetName=IN4 Pin=C8_4-2
Added Pin To Net: NetName=IN4 Pin=IC1-21
Added Pin To Net: NetName=IN4 Pin=R7_4-2
Added Pin To Net: NetName=IN4 Pin=R8_4-2
Added Pin To Net: NetName=IN4 Pin=Z1_4-K
Added Net: Name=IN4
Added Pin To Net: NetName=IN24_1 Pin=CN1-1
Added Pin To Net: NetName=IN24_1 Pin=R7_1-1
Added Net: Name=IN24_1
Added Pin To Net: NetName=IN24_2 Pin=CN1-2
Added Pin To Net: NetName=IN24_2 Pin=R7_2-1
Added Net: Name=IN24_2
Added Pin To Net: NetName=IN24_3 Pin=CN1-3
Added Pin To Net: NetName=IN24_3 Pin=R7_3-1
Added Net: Name=IN24_3
Added Pin To Net: NetName=IN24_4 Pin=CN1-4
Added Pin To Net: NetName=IN24_4 Pin=R7_4-1
Added Net: Name=IN24_4
Added Pin To Net: NetName=MP3_PWR Pin=IC1-3
Added Pin To Net: NetName=MP3_PWR Pin=R21-2
Added Net: Name=MP3_PWR
Added Pin To Net: NetName=NetC12_1 Pin=C12-1
Added Pin To Net: NetName=NetC12_1 Pin=U1-2
Added Pin To Net: NetName=NetC12_1 Pin=U1-3
Added Net: Name=NetC12_1
Added Pin To Net: NetName=NetC16_1 Pin=C16-1
Added Pin To Net: NetName=NetC16_1 Pin=R18-2
Added Net: Name=NetC16_1
Added Pin To Net: NetName=NetC23_1 Pin=C23-1
Added Pin To Net: NetName=NetC23_1 Pin=J1-4
Added Pin To Net: NetName=NetC23_1 Pin=R23-1
Added Net: Name=NetC23_1
Added Pin To Net: NetName=NetC25_1 Pin=C25-1
Added Pin To Net: NetName=NetC25_1 Pin=IC2-8
Added Net: Name=NetC25_1
Added Pin To Net: NetName=NetC25_2 Pin=C25-2
Added Pin To Net: NetName=NetC25_2 Pin=D9-K
Added Pin To Net: NetName=NetC25_2 Pin=IC2-1
Added Pin To Net: NetName=NetC25_2 Pin=L1-1
Added Net: Name=NetC25_2
Added Pin To Net: NetName=NetC29_2 Pin=C29-2
Added Pin To Net: NetName=NetC29_2 Pin=IC2-4
Added Pin To Net: NetName=NetC29_2 Pin=R25-1
Added Pin To Net: NetName=NetC29_2 Pin=R27-2
Added Net: Name=NetC29_2
Added Pin To Net: NetName=NetC30_1 Pin=C30-1
Added Pin To Net: NetName=NetC30_1 Pin=R28-1
Added Net: Name=NetC30_1
Added Pin To Net: NetName=NetC30_2 Pin=C30-2
Added Pin To Net: NetName=NetC30_2 Pin=C31-2
Added Pin To Net: NetName=NetC30_2 Pin=IC2-3
Added Net: Name=NetC30_2
Added Pin To Net: NetName=NetC?_2 Pin=C?-2
Added Pin To Net: NetName=NetC?_2 Pin=IC3-6
Added Pin To Net: NetName=NetC?_2 Pin=R?-2
Added Net: Name=NetC?_2
Added Pin To Net: NetName=NetIC1_2 Pin=IC1-2
Added Pin To Net: NetName=NetIC1_2 Pin=R6-2
Added Net: Name=NetIC1_2
Added Pin To Net: NetName=NetIC2_2 Pin=IC2-2
Added Pin To Net: NetName=NetIC2_2 Pin=R24-2
Added Net: Name=NetIC2_2
Added Pin To Net: NetName=NetIC2_6 Pin=IC2-6
Added Pin To Net: NetName=NetIC2_6 Pin=R26-1
Added Net: Name=NetIC2_6
Added Pin To Net: NetName=NetIC3_1 Pin=IC3-1
Added Pin To Net: NetName=NetIC3_1 Pin=R33-1
Added Pin To Net: NetName=NetIC3_1 Pin=R?-2
Added Net: Name=NetIC3_1
Added Pin To Net: NetName=NetIC3_3 Pin=IC3-3
Added Pin To Net: NetName=NetIC3_3 Pin=R30-2
Added Pin To Net: NetName=NetIC3_3 Pin=R32-2
Added Pin To Net: NetName=NetIC3_3 Pin=R?-1
Added Net: Name=NetIC3_3
Added Pin To Net: NetName=NetIC3_5 Pin=IC3-5
Added Pin To Net: NetName=NetIC3_5 Pin=R31-2
Added Pin To Net: NetName=NetIC3_5 Pin=R35-2
Added Pin To Net: NetName=NetIC3_5 Pin=R36-2
Added Net: Name=NetIC3_5
Added Pin To Net: NetName=NetIC3_7 Pin=IC3-7
Added Pin To Net: NetName=NetIC3_7 Pin=R31-1
Added Pin To Net: NetName=NetIC3_7 Pin=R34-1
Added Net: Name=NetIC3_7
Added Pin To Net: NetName=NetLED1_A Pin=LED1-A
Added Pin To Net: NetName=NetLED1_A Pin=R6-1
Added Net: Name=NetLED1_A
Added Pin To Net: NetName=NetLED2_A Pin=LED2-A
Added Pin To Net: NetName=NetLED2_A Pin=R17-1
Added Net: Name=NetLED2_A
Added Pin To Net: NetName=NetQ3_1 Pin=R33-2
Added Net: Name=NetQ3_1
Added Pin To Net: NetName=NetQ3_2 Pin=R?-1
Added Net: Name=NetQ3_2
Added Pin To Net: NetName=NetQ4_G Pin=Q4-G
Added Pin To Net: NetName=NetQ4_G Pin=R20-2
Added Pin To Net: NetName=NetQ4_G Pin=R21-1
Added Net: Name=NetQ4_G
Added Pin To Net: NetName=NetR18_1 Pin=R18-1
Added Pin To Net: NetName=NetR18_1 Pin=R19-2
Added Pin To Net: NetName=NetR18_1 Pin=U1-4
Added Net: Name=NetR18_1
Added Pin To Net: NetName=NetR?_1 Pin=R?-1
Added Pin To Net: NetName=NetR?_1 Pin=RS-2
Added Net: Name=NetR?_1
Added Pin To Net: NetName=NetR?_2 Pin=R?-2
Added Pin To Net: NetName=NetR?_2 Pin=RS-1
Added Net: Name=NetR?_2
Added Pin To Net: NetName=RELAY_DOWN Pin=IC1-22
Added Net: Name=RELAY_DOWN
Added Pin To Net: NetName=RELAY Pin=IC1-26
Added Net: Name=RELAY
Added Pin To Net: NetName=RST Pin=C6-1
Added Pin To Net: NetName=RST Pin=IC1-rst
Added Pin To Net: NetName=RST Pin=R5-2
Added Net: Name=RST
Added Pin To Net: NetName=RX_MP3 Pin=IC1-7
Added Pin To Net: NetName=RX_MP3 Pin=U2-12
Added Net: Name=RX_MP3
Added Pin To Net: NetName=RX Pin=IC1-9
Added Pin To Net: NetName=RX Pin=R34-2
Added Pin To Net: NetName=RX Pin=Z4-K
Added Net: Name=RX
Added Pin To Net: NetName=SD_CLK Pin=J1-5
Added Pin To Net: NetName=SD_CLK Pin=U2-6
Added Net: Name=SD_CLK
Added Pin To Net: NetName=SD_CMD Pin=J1-3
Added Pin To Net: NetName=SD_CMD Pin=U2-7
Added Net: Name=SD_CMD
Added Pin To Net: NetName=SD_DAT Pin=J1-7
Added Pin To Net: NetName=SD_DAT Pin=U2-8
Added Net: Name=SD_DAT
Added Pin To Net: NetName=SPKA Pin=SP-1
Added Pin To Net: NetName=SPKA Pin=U1-8
Added Net: Name=SPKA
Added Pin To Net: NetName=SPKB Pin=R19-1
Added Pin To Net: NetName=SPKB Pin=SP-2
Added Pin To Net: NetName=SPKB Pin=U1-5
Added Net: Name=SPKB
Added Pin To Net: NetName=SWCLK Pin=IC1-24
Added Pin To Net: NetName=SWCLK Pin=PROG1-3
Added Net: Name=SWCLK
Added Pin To Net: NetName=SWDIO Pin=IC1-23
Added Pin To Net: NetName=SWDIO Pin=PROG1-4
Added Net: Name=SWDIO
Added Pin To Net: NetName=TIM14 Pin=IC1-10
Added Net: Name=TIM14
Added Pin To Net: NetName=TX Pin=IC1-8
Added Pin To Net: NetName=TX Pin=IC3-2
Added Net: Name=TX
Added Pin To Net: NetName=VCOM Pin=C20-2
Added Pin To Net: NetName=VCOM Pin=U2-9
Added Net: Name=VCOM
Added Pin To Net: NetName=VPN Pin=C17-2
Added Pin To Net: NetName=VPN Pin=U2-15
Added Net: Name=VPN
Added Pin To Net: NetName=ZDC1 Pin=IC1-30
Added Net: Name=ZDC1
Added Pin To Net: NetName=ZDC2 Pin=IC1-29
Added Net: Name=ZDC2
Added Class: Name=1
Added Class: Name=2
Added Class: Name=3
Added Class: Name=4
Added Class: Name=Multi
Added Class: Name=U_MCU
Added Class: Name=U_MP3
Added Class: Name=U_Power_Low_V
Added Class: Name=U_SER_24V
Added Class: Name=GATE[1..2]
Added Class: Name=IN[1..4]
Added Class: Name=IN_24_[1..4]
Added Class: Name=ZDC[1..2]
Added Class: Name=RES_IN24
Added Room: Name=1
Added Room: Name=2
Added Room: Name=3
Added Room: Name=4
Added Room: Name=Multi
Added Room: Name=U_MCU
Added Room: Name=U_MP3
Added Room: Name=U_Power_Low_V
Added Room: Name=U_SER_24V
